

. set linesize 80

. qui use "D:\Datenspeicher\BIBB_BAuA/BIBBBAuA_2018_suf1.0.dta", clear

. qui mvdecode zpalter, mv(9999)

. tab gkpol S1, summarize(zpalter)

    Means, Standard Deviations and Frequencies of Alter der Zielperson

Gemeindeke |
  nnziffer |     Geschlecht
 politisch |  männlich   weiblich |     Total
-----------+----------------------+----------
 unter 2.0 | 47.303435  48.878843 | 48.112349
           | 11.895558  10.125739 | 11.045336
           |       524        553 |      1077
-----------+----------------------+----------
 2.000 bis | 47.105583  48.097239 | 47.604104
           | 11.528812  10.123345 | 10.853112
           |       824        833 |      1657
-----------+----------------------+----------
 5.000 bis | 46.950241  48.454472 | 47.697496
           | 11.767926  10.325446 | 11.099255
           |      2492       2460 |      4952
-----------+----------------------+----------
 20.000 bi | 46.828571  48.448415 | 47.626989
           | 11.927508  10.376175 | 11.217466
           |      1785       1735 |      3520
-----------+----------------------+----------
 50.000 bi | 47.419082  48.321019 | 47.858029
           | 11.652443  10.927936 | 11.311145
           |       828        785 |      1613
-----------+----------------------+----------
 100.000 b | 46.102136  47.590244 | 46.830208
           | 12.102087  11.040658 | 11.616799
           |      1498       1435 |      2933
-----------+----------------------+----------
 500.000 u | 45.084846    46.4978 |  45.79236
           | 11.910822  11.391779 | 11.673784
           |      2039       2045 |      4084
-----------+----------------------+----------
     Total | 46.490791  47.904022 | 47.192277
           | 11.877443  10.716042 | 11.337623
           |      9990       9846 |     19836

. 
end of do-file
